<?xml version="1.0" encoding="UTF-8"?>
<!-- Generated by org.testng.reporters.JUnitReportReporter -->
<testsuite hostname="DESKTOP-J7VGB0L" failures="0" tests="1" name="Campaign.CreateCampaignName" time="39.582" errors="0" timestamp="2025-04-02T20:00:29 IST" skipped="0">
  <testcase classname="Campaign.CreateCampaignName" name="CreateCampaignNameTest" time="39.582"/>
</testsuite> <!-- Campaign.CreateCampaignName -->
