<?xml version="1.0" encoding="UTF-8"?>
<!-- Generated by org.testng.reporters.JUnitReportReporter -->
<testsuite hostname="DESKTOP-J7VGB0L" failures="0" tests="1" name="CreateProduct.CreateProductTest" time="27.390" errors="0" timestamp="2025-04-11T19:22:01 IST" skipped="0">
  <testcase classname="CreateProduct.CreateProductTest" name="createProductTest" time="27.390"/>
</testsuite> <!-- CreateProduct.CreateProductTest -->
