<?xml version="1.0" encoding="UTF-8"?>
<!-- Generated by org.testng.reporters.JUnitReportReporter -->
<testsuite hostname="DESKTOP-J7VGB0L" failures="0" tests="3" name="DataProvider.DataProvider1" time="0.010" errors="0" timestamp="2025-04-07T19:10:05 IST" skipped="0">
  <testcase classname="DataProvider.DataProvider1" name="bookTickets" time="0.001"/>
  <testcase classname="DataProvider.DataProvider1" name="bookTickets" time="0.008"/>
  <testcase classname="DataProvider.DataProvider1" name="bookTickets" time="0.001"/>
</testsuite> <!-- DataProvider.DataProvider1 -->
