<?xml version="1.0" encoding="UTF-8"?>
<!-- Generated by org.testng.reporters.JUnitReportReporter -->
<testsuite hostname="DESKTOP-J7VGB0L" failures="0" tests="4" name="DataProvider.DataProviderCreateContact" time="72.490" errors="0" timestamp="2025-04-05T20:42:56 IST" skipped="0">
  <testcase classname="DataProvider.DataProviderCreateContact" name="createContact" time="19.350"/>
  <testcase classname="DataProvider.DataProviderCreateContact" name="createContact" time="18.770"/>
  <testcase classname="DataProvider.DataProviderCreateContact" name="createContact" time="15.575"/>
  <testcase classname="DataProvider.DataProviderCreateContact" name="createContact" time="18.795"/>
</testsuite> <!-- DataProvider.DataProviderCreateContact -->
