<?xml version="1.0" encoding="UTF-8"?>
<!-- Generated by org.testng.reporters.JUnitReportReporter -->
<testsuite hostname="DESKTOP-J7VGB0L" failures="0" tests="3" name="TestNG.SampleTest" time="22.386" errors="0" timestamp="2025-04-03T19:51:44 IST" skipped="0">
  <testcase classname="TestNG.SampleTest" name="deleteContact" time="10.545"/>
  <testcase classname="TestNG.SampleTest" name="modifyContact" time="6.702"/>
  <testcase classname="TestNG.SampleTest" name="createContact" time="5.139"/>
</testsuite> <!-- TestNG.SampleTest -->
