<?xml version="1.0" encoding="UTF-8"?>
<!-- Generated by org.testng.reporters.JUnitReportReporter -->
<testsuite hostname="DESKTOP-J7VGB0L" failures="0" tests="3" name="DataProvider.DataProvider2" time="0.013" errors="0" timestamp="2025-04-05T21:50:36 IST" skipped="0">
  <testcase classname="DataProvider.DataProvider2" name="bookTickets" time="0.001"/>
  <testcase classname="DataProvider.DataProvider2" name="bookTickets" time="0.010"/>
  <testcase classname="DataProvider.DataProvider2" name="bookTickets" time="0.002"/>
</testsuite> <!-- DataProvider.DataProvider2 -->
