<?xml version="1.0" encoding="UTF-8"?>
<!-- Generated by org.testng.reporters.JUnitReportReporter -->
<testsuite hostname="DESKTOP-J7VGB0L" failures="0" tests="2" name="Organizations.CreateOrganizationsTest" time="18.779" errors="0" timestamp="2025-04-02T20:49:07 IST" skipped="0">
  <testcase classname="Organizations.CreateOrganizationsTest" name="CreateOrganizationsTest" time="18.770"/>
  <testcase classname="Organizations.CreateOrganizationsTest" name="f" time="0.009"/>
</testsuite> <!-- Organizations.CreateOrganizationsTest -->
